{"ts":"2026-01-14T06:46:22.166Z","level":"INFO","message":"Starting Timco order","orderId":"PO-2"}
{"ts":"2026-01-14T06:46:42.087Z","level":"STEP","message":"Screenshot saved at:","screenshotPath":"C:\\Harsh\\scott\\nodejs\\playwright\\Logs\\PO-2/after-login.png"}
{"ts":"2026-01-14T06:46:42.090Z","level":"INFO","message":"CSV created successfully","orderId":"PO-2","filePath":"C:\\Harsh\\scott\\nodejs\\playwright\\Logs\\PO-2\\PO-2.csv"}
{"ts":"2026-01-14T06:46:42.092Z","level":"STEP","message":"Opening order upload page","url":"https://timco.co.uk/orderupload"}
{"ts":"2026-01-14T06:46:44.377Z","level":"STEP","message":"Attaching CSV to file input","csvPath":"C:\\Harsh\\scott\\nodejs\\playwright\\Logs\\PO-2\\PO-2.csv"}
{"ts":"2026-01-14T06:46:45.173Z","level":"STEP","message":"Submitting upload form"}
{"ts":"2026-01-14T06:46:50.385Z","level":"INFO","message":"Upload form submitted, page loaded"}
{"ts":"2026-01-14T06:46:51.759Z","level":"STEP","message":"Screenshot saved at:","screenshotPath":"C:\\Harsh\\scott\\nodejs\\playwright\\Logs\\PO-2/after-upload.png"}
{"ts":"2026-01-14T06:46:51.761Z","level":"STEP","message":"On summary page – clicking primary \"Create Order\""}
{"ts":"2026-01-14T06:46:57.827Z","level":"STEP","message":"No confirm modal detected, waiting for cart directly"}
{"ts":"2026-01-14T06:46:59.576Z","level":"INFO","message":"Reached cart page after Create Order flow","url":"https://timco.co.uk/cart"}
{"ts":"2026-01-14T06:47:00.000Z","level":"STEP","message":"Screenshot saved at:","screenshotPath":"C:\\Harsh\\scott\\nodejs\\playwright\\Logs\\PO-2/after-summary.png"}
{"ts":"2026-01-14T06:47:00.006Z","level":"STEP","message":"On cart page, confirming terms and proceeding to checkout","url":"https://timco.co.uk/cart"}
{"ts":"2026-01-14T06:47:00.312Z","level":"STEP","message":"Scrolling terms checkbox into view"}
{"ts":"2026-01-14T06:47:01.092Z","level":"INFO","message":"Terms checkbox state before","checked":false}
{"ts":"2026-01-14T06:47:01.092Z","level":"STEP","message":"Clicking label[for=\"termsofservice\"]"}
{"ts":"2026-01-14T06:47:02.113Z","level":"STEP","message":"Clicking span.checkmark element"}
{"ts":"2026-01-14T06:47:03.894Z","level":"INFO","message":"Terms checkbox state after attempts","checked":true,"hasCompletedClass":false}
{"ts":"2026-01-14T06:47:04.530Z","level":"STEP","message":"Clicking Checkout button"}
{"ts":"2026-01-14T06:47:08.214Z","level":"INFO","message":"Checkout click completed","newUrl":"https://timco.co.uk/checkout/addresses"}
{"ts":"2026-01-14T06:47:11.912Z","level":"STEP","message":"Screenshot saved at:","screenshotPath":"C:\\Harsh\\scott\\nodejs\\playwright\\Logs\\PO-2/after-checkbox.png"}
{"ts":"2026-01-14T06:47:11.920Z","level":"STEP","message":"On checkout addresses page, opening \"Use Different Address\" modal","url":"https://timco.co.uk/checkout/addresses"}
{"ts":"2026-01-14T06:47:12.671Z","level":"STEP","message":"Clicking \"Use Different Address\" link"}
{"ts":"2026-01-14T06:47:13.594Z","level":"INFO","message":"Address search modal opened successfully"}
{"ts":"2026-01-14T06:47:13.844Z","level":"STEP","message":"Clicking \"New Address\" button"}
{"ts":"2026-01-14T06:47:14.423Z","level":"INFO","message":"new address opened successfully"}
{"ts":"2026-01-14T06:47:14.720Z","level":"STEP","message":"Screenshot saved at:","screenshotPath":"C:\\Harsh\\scott\\nodejs\\playwright\\Logs\\PO-2/after-modalOpened.png"}
{"ts":"2026-01-14T06:47:14.779Z","level":"STEP","message":"Filling new shipping address modal"}
{"ts":"2026-01-14T06:47:16.355Z","level":"INFO","message":"New shipping address modal filled successfully","first_name":"Scott","city":"Dundee","postcode":"DD4 ONP"}
{"ts":"2026-01-14T06:47:16.527Z","level":"STEP","message":"Clicking \"Add Address\" link"}
{"ts":"2026-01-14T06:47:16.954Z","level":"INFO","message":"Address search modal opened successfully"}
{"ts":"2026-01-14T06:47:20.733Z","level":"STEP","message":"Screenshot saved at:","screenshotPath":"C:\\Harsh\\scott\\nodejs\\playwright\\Logs\\PO-2/after-FillNewShippingAddressModal.png"}
{"ts":"2026-01-14T06:47:20.961Z","level":"STEP","message":"Selecting next available delivery date","dateAttr":"2026-01-15","label":"15th\n\n\nJan"}
{"ts":"2026-01-14T06:47:21.160Z","level":"INFO","message":"Delivery date after selection","deliveryLabel":"Delivery Date: Thursday, 15 January 2026"}
{"ts":"2026-01-14T06:47:21.424Z","level":"STEP","message":"Clicking final \"Continue\" to place order"}
{"ts":"2026-01-14T06:47:25.712Z","level":"STEP","message":"Screenshot saved at:","screenshotPath":"C:\\Harsh\\scott\\nodejs\\playwright\\Logs\\PO-2/after-dateSelected.png"}
{"ts":"2026-01-14T06:47:25.713Z","level":"STEP","message":"Logging out from Timco"}
{"ts":"2026-01-14T06:47:28.851Z","level":"INFO","message":"Logout successful"}
{"ts":"2026-01-14T06:47:28.852Z","level":"INFO","message":"Log Out completed successfully"}
{"ts":"2026-01-14T06:47:28.853Z","level":"INFO","message":"Order flow completed successfully","orderId":"PO-2"}
