{"ts":"2026-01-14T07:26:04.045Z","level":"INFO","message":"Starting Timco order","orderId":"PO-2"}
{"ts":"2026-01-14T07:26:22.868Z","level":"STEP","message":"Screenshot saved at:","screenshotPath":"C:\\Harsh\\scott\\nodejs\\playwright\\Logs\\PO-2/after-login.png"}
{"ts":"2026-01-14T07:26:22.873Z","level":"INFO","message":"CSV created successfully","orderId":"PO-2","filePath":"C:\\Harsh\\scott\\nodejs\\playwright\\Logs\\PO-2\\PO-2.csv"}
{"ts":"2026-01-14T07:26:22.875Z","level":"STEP","message":"Opening order upload page","url":"https://timco.co.uk/orderupload"}
{"ts":"2026-01-14T07:26:26.133Z","level":"STEP","message":"Attaching CSV to file input","csvPath":"C:\\Harsh\\scott\\nodejs\\playwright\\Logs\\PO-2\\PO-2.csv"}
{"ts":"2026-01-14T07:26:26.451Z","level":"STEP","message":"Submitting upload form"}
{"ts":"2026-01-14T07:26:31.853Z","level":"INFO","message":"Upload form submitted, page loaded"}
{"ts":"2026-01-14T07:26:33.245Z","level":"STEP","message":"Screenshot saved at:","screenshotPath":"C:\\Harsh\\scott\\nodejs\\playwright\\Logs\\PO-2/after-upload.png"}
{"ts":"2026-01-14T07:26:33.246Z","level":"STEP","message":"On summary page – clicking primary \"Create Order\""}
{"ts":"2026-01-14T07:26:34.609Z","level":"STEP","message":"Confirm modal detected after Create Order click"}
{"ts":"2026-01-14T07:26:34.610Z","level":"STEP","message":"Clicking \"Create Order\" inside confirm modal"}
{"ts":"2026-01-14T07:26:39.913Z","level":"INFO","message":"Reached cart page after Create Order flow","url":"https://timco.co.uk/cart"}
{"ts":"2026-01-14T07:26:40.546Z","level":"STEP","message":"Screenshot saved at:","screenshotPath":"C:\\Harsh\\scott\\nodejs\\playwright\\Logs\\PO-2/after-summary.png"}
{"ts":"2026-01-14T07:26:40.552Z","level":"STEP","message":"On cart page, confirming terms and proceeding to checkout","url":"https://timco.co.uk/cart"}
{"ts":"2026-01-14T07:26:40.748Z","level":"STEP","message":"Scrolling terms checkbox into view"}
{"ts":"2026-01-14T07:26:41.480Z","level":"INFO","message":"Terms checkbox state before","checked":false}
{"ts":"2026-01-14T07:26:41.485Z","level":"STEP","message":"Clicking label[for=\"termsofservice\"]"}
{"ts":"2026-01-14T07:26:42.599Z","level":"STEP","message":"Clicking span.checkmark element"}
{"ts":"2026-01-14T07:26:44.264Z","level":"INFO","message":"Terms checkbox state after attempts","checked":true,"hasCompletedClass":false}
{"ts":"2026-01-14T07:26:44.817Z","level":"STEP","message":"Clicking Checkout button"}
{"ts":"2026-01-14T07:26:48.750Z","level":"INFO","message":"Checkout click completed","newUrl":"https://timco.co.uk/checkout/addresses"}
{"ts":"2026-01-14T07:26:52.712Z","level":"STEP","message":"Screenshot saved at:","screenshotPath":"C:\\Harsh\\scott\\nodejs\\playwright\\Logs\\PO-2/after-checkbox.png"}
{"ts":"2026-01-14T07:26:52.720Z","level":"STEP","message":"On checkout addresses page, opening \"Use Different Address\" modal","url":"https://timco.co.uk/checkout/addresses"}
{"ts":"2026-01-14T07:26:53.593Z","level":"STEP","message":"Clicking \"Use Different Address\" link"}
{"ts":"2026-01-14T07:26:54.688Z","level":"INFO","message":"Address search modal opened successfully"}
{"ts":"2026-01-14T07:26:54.932Z","level":"STEP","message":"Clicking \"New Address\" button"}
{"ts":"2026-01-14T07:26:55.607Z","level":"INFO","message":"new address opened successfully"}
{"ts":"2026-01-14T07:26:56.184Z","level":"STEP","message":"Screenshot saved at:","screenshotPath":"C:\\Harsh\\scott\\nodejs\\playwright\\Logs\\PO-2/after-modalOpened.png"}
{"ts":"2026-01-14T07:26:56.232Z","level":"STEP","message":"Filling new shipping address modal"}
{"ts":"2026-01-14T07:26:57.806Z","level":"INFO","message":"New shipping address modal filled successfully","first_name":"Scott","city":"Dundee","postcode":"DD4 ONP"}
{"ts":"2026-01-14T07:26:57.956Z","level":"STEP","message":"Clicking \"Add Address\" link"}
{"ts":"2026-01-14T07:26:58.413Z","level":"INFO","message":"Address search modal opened successfully"}
{"ts":"2026-01-14T07:27:02.277Z","level":"STEP","message":"Screenshot saved at:","screenshotPath":"C:\\Harsh\\scott\\nodejs\\playwright\\Logs\\PO-2/after-FillNewShippingAddressModal.png"}
{"ts":"2026-01-14T07:27:02.522Z","level":"STEP","message":"Selecting next available delivery date","dateAttr":"2026-01-15","label":"15th\n\n\nJan"}
{"ts":"2026-01-14T07:27:02.705Z","level":"INFO","message":"Delivery date after selection","deliveryLabel":"Delivery Date: Thursday, 15 January 2026"}
{"ts":"2026-01-14T07:27:02.960Z","level":"STEP","message":"Clicking final \"Continue\" to place order"}
{"ts":"2026-01-14T07:27:07.751Z","level":"STEP","message":"Screenshot saved at:","screenshotPath":"C:\\Harsh\\scott\\nodejs\\playwright\\Logs\\PO-2/after-dateSelected.png"}
{"ts":"2026-01-14T07:27:17.847Z","level":"ERROR","message":"Failed to complete BACS payment flow","error":"TimeoutError: locator.waitFor: Timeout 10000ms exceeded.\nCall log:\n\u001b[2m  - waiting for locator('img[data-payment-val=\"Timco.Payment.Bacs\"]') to be visible\u001b[22m\n","url":"https://timco.co.uk/checkout/confirm"}
{"ts":"2026-01-14T07:27:17.852Z","level":"ERROR","message":"Step failed","ok":false,"stepName":"selectPayByBankTransfer","error":null}
