{"ts":"2026-01-14T12:18:31.665Z","level":"INFO","message":"Starting Timco order","orderId":"PO-4663"}
{"ts":"2026-01-14T12:18:51.308Z","level":"STEP","message":"Screenshot saved at:","screenshotPath":"C:\\Harsh\\scott\\nodejs\\playwright\\Logs\\PO-4663/after-login.png"}
{"ts":"2026-01-14T12:18:51.312Z","level":"INFO","message":"CSV created successfully","orderId":"PO-4663","filePath":"C:\\Harsh\\scott\\nodejs\\playwright\\Logs\\PO-4663\\PO-4663.csv"}
{"ts":"2026-01-14T12:18:51.313Z","level":"STEP","message":"Opening order upload page","url":"https://timco.co.uk/orderupload"}
{"ts":"2026-01-14T12:18:53.919Z","level":"STEP","message":"Attaching CSV to file input","csvPath":"C:\\Harsh\\scott\\nodejs\\playwright\\Logs\\PO-4663\\PO-4663.csv"}
{"ts":"2026-01-14T12:18:54.701Z","level":"STEP","message":"Submitting upload form"}
{"ts":"2026-01-14T12:18:58.449Z","level":"INFO","message":"Upload form submitted, page loaded"}
{"ts":"2026-01-14T12:18:59.669Z","level":"STEP","message":"Screenshot saved at:","screenshotPath":"C:\\Harsh\\scott\\nodejs\\playwright\\Logs\\PO-4663/after-upload.png"}
{"ts":"2026-01-14T12:18:59.671Z","level":"STEP","message":"On summary page – clicking primary \"Create Order\""}
{"ts":"2026-01-14T12:19:05.984Z","level":"STEP","message":"No confirm modal detected, waiting for cart directly"}
{"ts":"2026-01-14T12:19:07.161Z","level":"INFO","message":"Reached cart page after Create Order flow","url":"https://timco.co.uk/cart"}
{"ts":"2026-01-14T12:19:07.775Z","level":"STEP","message":"Screenshot saved at:","screenshotPath":"C:\\Harsh\\scott\\nodejs\\playwright\\Logs\\PO-4663/after-summary.png"}
{"ts":"2026-01-14T12:19:07.783Z","level":"STEP","message":"On cart page, confirming terms and proceeding to checkout","url":"https://timco.co.uk/cart"}
{"ts":"2026-01-14T12:19:09.152Z","level":"STEP","message":"Scrolling terms checkbox into view"}
{"ts":"2026-01-14T12:19:09.946Z","level":"INFO","message":"Terms checkbox state before","checked":false}
{"ts":"2026-01-14T12:19:09.947Z","level":"STEP","message":"Clicking label[for=\"termsofservice\"]"}
{"ts":"2026-01-14T12:19:10.904Z","level":"STEP","message":"Clicking span.checkmark element"}
{"ts":"2026-01-14T12:19:13.095Z","level":"INFO","message":"Terms checkbox state after attempts","checked":true,"hasCompletedClass":false}
{"ts":"2026-01-14T12:19:14.095Z","level":"STEP","message":"Clicking Checkout button"}
{"ts":"2026-01-14T12:19:18.001Z","level":"INFO","message":"Checkout click completed","newUrl":"https://timco.co.uk/checkout/addresses"}
{"ts":"2026-01-14T12:19:22.338Z","level":"STEP","message":"Screenshot saved at:","screenshotPath":"C:\\Harsh\\scott\\nodejs\\playwright\\Logs\\PO-4663/after-checkbox.png"}
{"ts":"2026-01-14T12:19:22.344Z","level":"STEP","message":"On checkout addresses page, opening \"Use Different Address\" modal","url":"https://timco.co.uk/checkout/addresses"}
{"ts":"2026-01-14T12:19:24.974Z","level":"STEP","message":"Clicking \"Use Different Address\" link"}
{"ts":"2026-01-14T12:19:27.621Z","level":"INFO","message":"Address search modal opened successfully"}
{"ts":"2026-01-14T12:19:27.902Z","level":"STEP","message":"Clicking \"New Address\" button"}
{"ts":"2026-01-14T12:19:28.543Z","level":"INFO","message":"new address opened successfully"}
{"ts":"2026-01-14T12:19:28.979Z","level":"STEP","message":"Screenshot saved at:","screenshotPath":"C:\\Harsh\\scott\\nodejs\\playwright\\Logs\\PO-4663/after-modalOpened.png"}
{"ts":"2026-01-14T12:19:29.093Z","level":"STEP","message":"Filling new shipping address modal"}
{"ts":"2026-01-14T12:19:31.394Z","level":"INFO","message":"New shipping address modal filled successfully","first_name":"Scott","city":"Dundee","postcode":"DD4 0UH"}
{"ts":"2026-01-14T12:19:31.649Z","level":"STEP","message":"Clicking \"Add Address\" link"}
{"ts":"2026-01-14T12:19:41.697Z","level":"ERROR","message":"Address search modal did not appear after click"}
{"ts":"2026-01-14T12:19:41.698Z","level":"ERROR","message":"Step failed","ok":false,"stepName":"fillNewShippingAddressModal","error":null}
